<?xml version="1.0" encoding="UTF-8"?>
<!-- Generated by org.testng.reporters.JUnitXMLReporter -->
<testsuite ignored="0" hostname="DESKTOP-KF8CAV4" failures="0" tests="2" name="BankingApp Test" time="38.126" errors="0" timestamp="09 Dec 2021 16:52:43 GMT">
  <testcase classname="com.inetbanking.testCases.TC_LoginTest_001" name="loginTest" time="8.863"/>
  <testcase classname="com.inetbanking.testCases.TC_AddCustomerTest_003" name="addNewCustomer" time="18.978"/>
</testsuite> <!-- BankingApp Test -->
